{"/usr/src/app/controllers/googleSearchController.js": {"path":"/usr/src/app/controllers/googleSearchController.js","statementMap":{"0":{"start":{"line":13,"column":18},"end":{"line":13,"column":31}},"1":{"start":{"line":14,"column":2},"end":{"line":14,"column":23}},"2":{"start":{"line":15,"column":22},"end":{"line":15,"column":47}},"3":{"start":{"line":16,"column":14},"end":{"line":16,"column":63}},"4":{"start":{"line":17,"column":15},"end":{"line":17,"column":48}},"5":{"start":{"line":19,"column":17},"end":{"line":19,"column":33}},"6":{"start":{"line":20,"column":16},"end":{"line":20,"column":33}},"7":{"start":{"line":21,"column":2},"end":{"line":21,"column":18}},"8":{"start":{"line":22,"column":2},"end":{"line":22,"column":15}}},"fnMap":{"0":{"name":"searchLinks","decl":{"start":{"line":11,"column":15},"end":{"line":11,"column":26}},"loc":{"start":{"line":11,"column":34},"end":{"line":24,"column":1}},"line":11}},"branchMap":{},"s":{"0":1,"1":1,"2":1,"3":1,"4":1,"5":1,"6":1,"7":1,"8":1},"f":{"0":1},"b":{},"_coverageSchema":"1a1c01bbd47fc00a2c39e90264f33305004495a9","hash":"da92cde51b4cb48b7838bd1dd9090a026b60bbda"}
,"/usr/src/app/utils/parser.js": {"path":"/usr/src/app/utils/parser.js","statementMap":{"0":{"start":{"line":20,"column":8},"end":{"line":20,"column":25}},"1":{"start":{"line":21,"column":8},"end":{"line":21,"column":28}},"2":{"start":{"line":35,"column":17},"end":{"line":35,"column":28}},"3":{"start":{"line":36,"column":15},"end":{"line":36,"column":35}},"4":{"start":{"line":37,"column":4},"end":{"line":37,"column":40}},"5":{"start":{"line":45,"column":4},"end":{"line":45,"column":52}},"6":{"start":{"line":51,"column":20},"end":{"line":51,"column":43}},"7":{"start":{"line":52,"column":18},"end":{"line":52,"column":49}},"8":{"start":{"line":53,"column":18},"end":{"line":53,"column":49}},"9":{"start":{"line":54,"column":16},"end":{"line":54,"column":46}},"10":{"start":{"line":55,"column":16},"end":{"line":55,"column":50}},"11":{"start":{"line":56,"column":4},"end":{"line":62,"column":5}},"12":{"start":{"line":73,"column":4},"end":{"line":73,"column":64}},"13":{"start":{"line":83,"column":17},"end":{"line":83,"column":68}},"14":{"start":{"line":84,"column":4},"end":{"line":84,"column":27}},"15":{"start":{"line":95,"column":17},"end":{"line":95,"column":83}},"16":{"start":{"line":96,"column":4},"end":{"line":96,"column":18}},"17":{"start":{"line":105,"column":17},"end":{"line":105,"column":89}},"18":{"start":{"line":106,"column":4},"end":{"line":106,"column":18}},"19":{"start":{"line":114,"column":4},"end":{"line":114,"column":65}},"20":{"start":{"line":120,"column":20},"end":{"line":120,"column":42}},"21":{"start":{"line":121,"column":4},"end":{"line":131,"column":7}},"22":{"start":{"line":122,"column":21},"end":{"line":122,"column":50}},"23":{"start":{"line":123,"column":21},"end":{"line":123,"column":54}},"24":{"start":{"line":124,"column":22},"end":{"line":124,"column":52}},"25":{"start":{"line":125,"column":8},"end":{"line":130,"column":10}},"26":{"start":{"line":141,"column":22},"end":{"line":141,"column":85}},"27":{"start":{"line":142,"column":8},"end":{"line":143,"column":22}},"28":{"start":{"line":143,"column":12},"end":{"line":143,"column":22}},"29":{"start":{"line":144,"column":8},"end":{"line":146,"column":9}},"30":{"start":{"line":145,"column":8},"end":{"line":145,"column":36}},"31":{"start":{"line":147,"column":8},"end":{"line":147,"column":50}},"32":{"start":{"line":156,"column":22},"end":{"line":156,"column":97}},"33":{"start":{"line":157,"column":8},"end":{"line":158,"column":22}},"34":{"start":{"line":158,"column":12},"end":{"line":158,"column":22}},"35":{"start":{"line":159,"column":8},"end":{"line":161,"column":9}},"36":{"start":{"line":160,"column":8},"end":{"line":160,"column":36}},"37":{"start":{"line":162,"column":8},"end":{"line":162,"column":50}},"38":{"start":{"line":171,"column":22},"end":{"line":171,"column":73}},"39":{"start":{"line":172,"column":8},"end":{"line":172,"column":31}},"40":{"start":{"line":175,"column":22},"end":{"line":175,"column":69}},"41":{"start":{"line":176,"column":8},"end":{"line":176,"column":66}},"42":{"start":{"line":176,"column":35},"end":{"line":176,"column":64}}},"fnMap":{"0":{"name":"(anonymous_0)","decl":{"start":{"line":15,"column":4},"end":{"line":15,"column":5}},"loc":{"start":{"line":15,"column":21},"end":{"line":22,"column":10}},"line":15},"1":{"name":"(anonymous_1)","decl":{"start":{"line":34,"column":0},"end":{"line":34,"column":1}},"loc":{"start":{"line":34,"column":15},"end":{"line":39,"column":5}},"line":34},"2":{"name":"(anonymous_2)","decl":{"start":{"line":44,"column":0},"end":{"line":44,"column":1}},"loc":{"start":{"line":44,"column":19},"end":{"line":46,"column":1}},"line":44},"3":{"name":"(anonymous_3)","decl":{"start":{"line":50,"column":0},"end":{"line":50,"column":1}},"loc":{"start":{"line":50,"column":14},"end":{"line":64,"column":1}},"line":50},"4":{"name":"(anonymous_4)","decl":{"start":{"line":72,"column":0},"end":{"line":72,"column":1}},"loc":{"start":{"line":72,"column":19},"end":{"line":75,"column":1}},"line":72},"5":{"name":"(anonymous_5)","decl":{"start":{"line":82,"column":0},"end":{"line":82,"column":1}},"loc":{"start":{"line":82,"column":26},"end":{"line":86,"column":1}},"line":82},"6":{"name":"(anonymous_6)","decl":{"start":{"line":94,"column":0},"end":{"line":94,"column":1}},"loc":{"start":{"line":94,"column":25},"end":{"line":97,"column":1}},"line":94},"7":{"name":"(anonymous_7)","decl":{"start":{"line":104,"column":0},"end":{"line":104,"column":1}},"loc":{"start":{"line":104,"column":29},"end":{"line":107,"column":1}},"line":104},"8":{"name":"(anonymous_8)","decl":{"start":{"line":113,"column":0},"end":{"line":113,"column":1}},"loc":{"start":{"line":113,"column":17},"end":{"line":115,"column":1}},"line":113},"9":{"name":"(anonymous_9)","decl":{"start":{"line":119,"column":0},"end":{"line":119,"column":1}},"loc":{"start":{"line":119,"column":14},"end":{"line":132,"column":1}},"line":119},"10":{"name":"(anonymous_10)","decl":{"start":{"line":121,"column":24},"end":{"line":121,"column":25}},"loc":{"start":{"line":121,"column":36},"end":{"line":131,"column":5}},"line":121},"11":{"name":"(anonymous_11)","decl":{"start":{"line":140,"column":4},"end":{"line":140,"column":5}},"loc":{"start":{"line":140,"column":27},"end":{"line":148,"column":5}},"line":140},"12":{"name":"(anonymous_12)","decl":{"start":{"line":155,"column":4},"end":{"line":155,"column":5}},"loc":{"start":{"line":155,"column":31},"end":{"line":163,"column":5}},"line":155},"13":{"name":"(anonymous_13)","decl":{"start":{"line":170,"column":4},"end":{"line":170,"column":5}},"loc":{"start":{"line":170,"column":28},"end":{"line":173,"column":5}},"line":170},"14":{"name":"(anonymous_14)","decl":{"start":{"line":174,"column":4},"end":{"line":174,"column":5}},"loc":{"start":{"line":174,"column":15},"end":{"line":177,"column":5}},"line":174},"15":{"name":"(anonymous_15)","decl":{"start":{"line":176,"column":25},"end":{"line":176,"column":26}},"loc":{"start":{"line":176,"column":35},"end":{"line":176,"column":64}},"line":176}},"branchMap":{"0":{"loc":{"start":{"line":142,"column":8},"end":{"line":143,"column":22}},"type":"if","locations":[{"start":{"line":142,"column":8},"end":{"line":143,"column":22}},{"start":{},"end":{}}],"line":142},"1":{"loc":{"start":{"line":144,"column":8},"end":{"line":146,"column":9}},"type":"if","locations":[{"start":{"line":144,"column":8},"end":{"line":146,"column":9}},{"start":{},"end":{}}],"line":144},"2":{"loc":{"start":{"line":157,"column":8},"end":{"line":158,"column":22}},"type":"if","locations":[{"start":{"line":157,"column":8},"end":{"line":158,"column":22}},{"start":{},"end":{}}],"line":157},"3":{"loc":{"start":{"line":159,"column":8},"end":{"line":161,"column":9}},"type":"if","locations":[{"start":{"line":159,"column":8},"end":{"line":161,"column":9}},{"start":{},"end":{}}],"line":159}},"s":{"0":2,"1":2,"2":2,"3":2,"4":2,"5":4,"6":0,"7":0,"8":0,"9":0,"10":0,"11":0,"12":1,"13":1,"14":1,"15":1,"16":1,"17":1,"18":1,"19":4,"20":0,"21":0,"22":0,"23":0,"24":0,"25":0,"26":1,"27":1,"28":0,"29":1,"30":1,"31":0,"32":1,"33":1,"34":0,"35":1,"36":0,"37":1,"38":1,"39":1,"40":1,"41":1,"42":97},"f":{"0":2,"1":2,"2":4,"3":0,"4":1,"5":1,"6":1,"7":1,"8":4,"9":0,"10":0,"11":1,"12":1,"13":1,"14":1,"15":97},"b":{"0":[0,1],"1":[1,0],"2":[0,1],"3":[0,1]},"_coverageSchema":"1a1c01bbd47fc00a2c39e90264f33305004495a9","hash":"63c8eb0add78d2c51cbda5e613855f4ef42bddc0"}
,"/usr/src/app/utils/scraper.js": {"path":"/usr/src/app/utils/scraper.js","statementMap":{"0":{"start":{"line":13,"column":8},"end":{"line":13,"column":28}},"1":{"start":{"line":14,"column":8},"end":{"line":14,"column":25}},"2":{"start":{"line":27,"column":8},"end":{"line":31,"column":11}},"3":{"start":{"line":33,"column":8},"end":{"line":33,"column":49}},"4":{"start":{"line":47,"column":8},"end":{"line":47,"column":34}},"5":{"start":{"line":49,"column":8},"end":{"line":49,"column":41}},"6":{"start":{"line":62,"column":8},"end":{"line":62,"column":35}}},"fnMap":{"0":{"name":"(anonymous_0)","decl":{"start":{"line":11,"column":4},"end":{"line":11,"column":5}},"loc":{"start":{"line":11,"column":18},"end":{"line":15,"column":5}},"line":11},"1":{"name":"(anonymous_1)","decl":{"start":{"line":25,"column":4},"end":{"line":25,"column":5}},"loc":{"start":{"line":25,"column":17},"end":{"line":34,"column":5}},"line":25},"2":{"name":"(anonymous_2)","decl":{"start":{"line":45,"column":4},"end":{"line":45,"column":5}},"loc":{"start":{"line":45,"column":30},"end":{"line":50,"column":5}},"line":45},"3":{"name":"(anonymous_3)","decl":{"start":{"line":60,"column":4},"end":{"line":60,"column":5}},"loc":{"start":{"line":60,"column":18},"end":{"line":63,"column":5}},"line":60}},"branchMap":{},"s":{"0":2,"1":2,"2":2,"3":2,"4":2,"5":2,"6":2},"f":{"0":2,"1":2,"2":2,"3":2},"b":{},"_coverageSchema":"1a1c01bbd47fc00a2c39e90264f33305004495a9","hash":"f3ce48b6b5768cbdde3e71a2365cb9d8af93bf2e"}
}
