TN:
SF:controllers/googleSearchController.js
FN:11,searchLinks
FNF:1
FNH:1
FNDA:1,searchLinks
DA:13,1
DA:14,1
DA:15,1
DA:16,1
DA:17,1
DA:19,1
DA:20,1
DA:21,1
DA:22,1
LF:9
LH:9
BRF:0
BRH:0
end_of_record
TN:
SF:utils/parser.js
FN:15,(anonymous_0)
FN:34,(anonymous_1)
FN:44,(anonymous_2)
FN:50,(anonymous_3)
FN:72,(anonymous_4)
FN:82,(anonymous_5)
FN:94,(anonymous_6)
FN:104,(anonymous_7)
FN:113,(anonymous_8)
FN:119,(anonymous_9)
FN:121,(anonymous_10)
FN:140,(anonymous_11)
FN:155,(anonymous_12)
FN:170,(anonymous_13)
FN:174,(anonymous_14)
FN:176,(anonymous_15)
FNF:16
FNH:13
FNDA:2,(anonymous_0)
FNDA:2,(anonymous_1)
FNDA:4,(anonymous_2)
FNDA:0,(anonymous_3)
FNDA:1,(anonymous_4)
FNDA:1,(anonymous_5)
FNDA:1,(anonymous_6)
FNDA:1,(anonymous_7)
FNDA:4,(anonymous_8)
FNDA:0,(anonymous_9)
FNDA:0,(anonymous_10)
FNDA:1,(anonymous_11)
FNDA:1,(anonymous_12)
FNDA:1,(anonymous_13)
FNDA:1,(anonymous_14)
FNDA:97,(anonymous_15)
DA:20,2
DA:21,2
DA:35,2
DA:36,2
DA:37,2
DA:45,4
DA:51,0
DA:52,0
DA:53,0
DA:54,0
DA:55,0
DA:56,0
DA:73,1
DA:83,1
DA:84,1
DA:95,1
DA:96,1
DA:105,1
DA:106,1
DA:114,4
DA:120,0
DA:121,0
DA:122,0
DA:123,0
DA:124,0
DA:125,0
DA:141,1
DA:142,1
DA:143,0
DA:144,1
DA:145,1
DA:147,0
DA:156,1
DA:157,1
DA:158,0
DA:159,1
DA:160,0
DA:162,1
DA:171,1
DA:172,1
DA:175,1
DA:176,97
LF:42
LH:26
BRDA:142,0,0,0
BRDA:142,0,1,1
BRDA:144,1,0,1
BRDA:144,1,1,0
BRDA:157,2,0,0
BRDA:157,2,1,1
BRDA:159,3,0,0
BRDA:159,3,1,1
BRF:8
BRH:4
end_of_record
TN:
SF:utils/scraper.js
FN:11,(anonymous_0)
FN:25,(anonymous_1)
FN:45,(anonymous_2)
FN:60,(anonymous_3)
FNF:4
FNH:4
FNDA:2,(anonymous_0)
FNDA:2,(anonymous_1)
FNDA:2,(anonymous_2)
FNDA:2,(anonymous_3)
DA:13,2
DA:14,2
DA:27,2
DA:33,2
DA:47,2
DA:49,2
DA:62,2
LF:7
LH:7
BRF:0
BRH:0
end_of_record
